1677112846086	geckodriver	INFO	Listening on 127.0.0.1:7337
1677112848606	mozrunner::runner	INFO	Running command: "C:\\Program Files\\Mozilla Firefox\\firefox.exe" "--marionette" "--remote-debugging-port" "7338" "--remote-allow-hosts" "localhost" "-no-remote" "-profile" "C:\\Users\\RIKUAO~1\\AppData\\Local\\Temp\\rust_mozprofileOmo4ko"
1677112991868	geckodriver	INFO	Listening on 127.0.0.1:7404
1677112993874	mozrunner::runner	INFO	Running command: "C:\\Program Files\\Mozilla Firefox\\firefox.exe" "--marionette" "--remote-debugging-port" "7405" "--remote-allow-hosts" "localhost" "-no-remote" "-profile" "C:\\Users\\RIKUAO~1\\AppData\\Local\\Temp\\rust_mozprofileyQdWkn"
1677112995023	Marionette	INFO	Marionette enabled
1677112995037	Marionette	INFO	Listening on port 7415
Read port: 7415
WebDriver BiDi listening on ws://127.0.0.1:7405
1677112995493	RemoteAgent	WARN	TLS certificate errors will be ignored for this session
console.warn: SearchSettings: "get: No settings file exists, new profile?" (new NotFoundError("Could not open the file at C:\\Users\\RIKUAO~1\\AppData\\Local\\Temp\\rust_mozprofileyQdWkn\\search.json.mozlz4", (void 0)))
DevTools listening on ws://127.0.0.1:7405/devtools/browser/e6eb2d83-f3d9-47b1-ba53-ec6a1a2ad175
JavaScript warning: https://pagead2.googlesyndication.com/bg/7Lg35lthZ5bMa2_BIKuudMRVkX-RcQ_BXpABKM-oZgA.js line 2 > eval line 5785 > eval line 1 > eval line 1 > eval, line 1: WEBGL_debug_renderer_info is deprecated in Firefox and will be removed. Please use RENDERER.
JavaScript warning: https://pagead2.googlesyndication.com/bg/7Lg35lthZ5bMa2_BIKuudMRVkX-RcQ_BXpABKM-oZgA.js line 2 > eval line 3176 > eval line 1 > eval line 1 > eval, line 1: WEBGL_debug_renderer_info is deprecated in Firefox and will be removed. Please use RENDERER.
JavaScript warning: https://pagead2.googlesyndication.com/bg/7Lg35lthZ5bMa2_BIKuudMRVkX-RcQ_BXpABKM-oZgA.js line 2 > eval line 6118 > eval line 1 > eval line 1 > eval, line 1: WEBGL_debug_renderer_info is deprecated in Firefox and will be removed. Please use RENDERER.
JavaScript warning: https://pagead2.googlesyndication.com/bg/7Lg35lthZ5bMa2_BIKuudMRVkX-RcQ_BXpABKM-oZgA.js line 2 > eval line 7325 > eval line 1 > eval line 1 > eval, line 1: WEBGL_debug_renderer_info is deprecated in Firefox and will be removed. Please use RENDERER.
1677114001335	Marionette	WARN	Ignoring event 'pageshow' because document has an invalid readyState of 'uninitialized'.
1677114002042	Marionette	WARN	Ignoring event 'pageshow' because document has an invalid readyState of 'uninitialized'.
[GFX1-]: Failed to connect WebRenderBridgeChild. isParent=false
1677114005850	Marionette	INFO	Stopped listening on port 7415
[GFX1-]: Failed to connect WebRenderBridgeChild. isParent=false
[GFX1-]: Failed to connect WebRenderBridgeChild. isParent=false
1677150296132	geckodriver	INFO	Listening on 127.0.0.1:14124
1677150297796	mozrunner::runner	INFO	Running command: "C:\\Program Files\\Mozilla Firefox\\firefox.exe" "--marionette" "--remote-debugging-port" "14125" "--remote-allow-hosts" "localhost" "-no-remote" "-profile" "C:\\Users\\RIKUAO~1\\AppData\\Local\\Temp\\rust_mozprofileCodyd5"
1677150303658	Marionette	INFO	Marionette enabled
1677150303671	Marionette	INFO	Listening on port 14144
Read port: 14144
WebDriver BiDi listening on ws://127.0.0.1:14125
1677150304736	RemoteAgent	WARN	TLS certificate errors will be ignored for this session
console.warn: SearchSettings: "get: No settings file exists, new profile?" (new NotFoundError("Could not open the file at C:\\Users\\RIKUAO~1\\AppData\\Local\\Temp\\rust_mozprofileCodyd5\\search.json.mozlz4", (void 0)))
console.error: Region.sys.mjs: "Error fetching region" (new Error("TIMEOUT", "resource://gre/modules/Region.sys.mjs", 764))
console.error: Region.sys.mjs: "Failed to fetch region" (new Error("TIMEOUT", "resource://gre/modules/Region.sys.mjs", 416))
DevTools listening on ws://127.0.0.1:14125/devtools/browser/80ee2ece-732a-43c3-afaa-365d5bc7e9da
JavaScript warning: https://pagead2.googlesyndication.com/bg/ENhUjQ5Efr1LKcBlRSMtCxEMsPeXm4hb-JW7itjXrRA.js line 2 > eval line 7098 > eval line 1 > eval line 1 > eval, line 1: WEBGL_debug_renderer_info is deprecated in Firefox and will be removed. Please use RENDERER.
JavaScript warning: https://pagead2.googlesyndication.com/bg/ENhUjQ5Efr1LKcBlRSMtCxEMsPeXm4hb-JW7itjXrRA.js line 2 > eval line 7162 > eval line 1 > eval line 1 > eval, line 1: WEBGL_debug_renderer_info is deprecated in Firefox and will be removed. Please use RENDERER.
JavaScript warning: https://pix.adrta.com/cdnf.js?v=22.120, line 1: WEBGL_debug_renderer_info is deprecated in Firefox and will be removed. Please use RENDERER.
1677150390097	Marionette	WARN	Ignoring event 'pageshow' because document has an invalid readyState of 'uninitialized'.
JavaScript error: https://sync.1rx.io/usersync2/rmpssp?sub=taboola&redir=https%3A%2F%2Fsync.taboola.com%2Fsg%unrulyrtbhv-network%2Frtb-h%2F%3Ftaboola_hm%3D%5BRX_UUID%5Dhttp%3A%2F%2Ftrc.taboola.com%2Fsg%2Funrulyrtbhv-network%2F1%2Frtb-h%2F%3Ftaboola_hm%3D%24%7BBUYER_ID%7D, line 1: SyntaxError: illegal character U+0001
1677151047830	geckodriver	INFO	Listening on 127.0.0.1:9534
1677151049663	mozrunner::runner	INFO	Running command: "C:\\Program Files\\Mozilla Firefox\\firefox.exe" "--marionette" "--remote-debugging-port" "9535" "--remote-allow-hosts" "localhost" "-no-remote" "-profile" "C:\\Users\\RIKUAO~1\\AppData\\Local\\Temp\\rust_mozprofilennCkKl"
1677151050577	Marionette	INFO	Marionette enabled
1677151050585	Marionette	INFO	Listening on port 9547
Read port: 9547
WebDriver BiDi listening on ws://127.0.0.1:9535
1677151050826	RemoteAgent	WARN	TLS certificate errors will be ignored for this session
console.warn: SearchSettings: "get: No settings file exists, new profile?" (new NotFoundError("Could not open the file at C:\\Users\\RIKUAO~1\\AppData\\Local\\Temp\\rust_mozprofilennCkKl\\search.json.mozlz4", (void 0)))
console.error: Region.sys.mjs: "Error fetching region" (new AbortError("The operation was aborted. ", (void 0), 762))
console.error: Region.sys.mjs: "Failed to fetch region" (new Error("NO_RESULT", "resource://gre/modules/Region.sys.mjs", 416))
DevTools listening on ws://127.0.0.1:9535/devtools/browser/b43fa758-3288-4867-a585-f065a3877eef
JavaScript warning: https://pagead2.googlesyndication.com/bg/ENhUjQ5Efr1LKcBlRSMtCxEMsPeXm4hb-JW7itjXrRA.js line 2 > eval line 6513 > eval line 1 > eval line 1 > eval, line 1: WEBGL_debug_renderer_info is deprecated in Firefox and will be removed. Please use RENDERER.
console.warn: LoginRecipes: "Falling back to a synchronous message for: https://www.google.com."
console.error: "Unable to find target with innerWindowId:17179869185"
console.warn: "Listener for event 'frame' did not return a promise."
console.error: "Unable to find target with innerWindowId:17179869189"
console.error: "Unable to find target with innerWindowId:17179869189"
console.error: "Unable to find target with innerWindowId:19327352833"
console.error: "Unable to find target with innerWindowId:19327352833"
